0 info it worked if it ends with ok
1 verbose cli [ '/home/ubuntu/.nvm/v0.10.35/bin/node',
1 verbose cli   '/home/ubuntu/.nvm/v0.10.35/bin/npm',
1 verbose cli   'run',
1 verbose cli   'view' ]
2 info using npm@1.4.28
3 info using node@v0.10.35
4 verbose run-script [ 'preview', 'view', 'postview' ]
5 info preview Temperatura@1.0.0
6 info view Temperatura@1.0.0
7 verbose unsafe-perm in lifecycle true
8 info Temperatura@1.0.0 Failed to exec view script
9 error Temperatura@1.0.0 view: `open http://localhost:8080/`
9 error Exit status 1
10 error Failed at the Temperatura@1.0.0 view script.
10 error This is most likely a problem with the Temperatura package,
10 error not with npm itself.
10 error Tell the author that this fails on your system:
10 error     open http://localhost:8080/
10 error You can get their info via:
10 error     npm owner ls Temperatura
10 error There is likely additional logging output above.
11 error System Linux 4.2.0-c9
12 error command "/home/ubuntu/.nvm/v0.10.35/bin/node" "/home/ubuntu/.nvm/v0.10.35/bin/npm" "run" "view"
13 error cwd /home/ubuntu/workspace/ConversorTemperatura5
14 error node -v v0.10.35
15 error npm -v 1.4.28
16 error code ELIFECYCLE
17 verbose exit [ 1, true ]
